0 verbose cli /usr/local/bin/node /usr/local/bin/npm
1 info using npm@8.19.4
2 info using node@v16.20.2
3 timing npm:load:whichnode Completed in 0ms
4 timing config:load:defaults Completed in 1ms
5 timing config:load:file:/usr/local/lib/node_modules/npm/npmrc Completed in 1ms
6 timing config:load:builtin Completed in 1ms
7 warn config production Use `--omit=dev` instead.
8 timing config:load:cli Completed in 3ms
9 timing config:load:env Completed in 0ms
10 timing config:load:file:/data/.npmrc Completed in 0ms
11 timing config:load:project Completed in 4ms
12 timing config:load:file:/usr/src/node-red/.npmrc Completed in 0ms
13 timing config:load:user Completed in 0ms
14 timing config:load:file:/usr/local/etc/npmrc Completed in 2ms
15 timing config:load:global Completed in 2ms
16 timing config:load:validate Completed in 0ms
17 timing config:load:credentials Completed in 1ms
18 timing config:load:setEnvs Completed in 1ms
19 timing config:load Completed in 13ms
20 timing npm:load:configload Completed in 13ms
21 timing npm:load:mkdirpcache Completed in 1ms
22 timing npm:load:mkdirplogs Completed in 0ms
23 verbose title npm install dashboard-evi@1.0.2
24 verbose argv "install" "--no-audit" "--no-update-notifier" "--no-fund" "--save" "--save-prefix" "~" "--production" "--engine-strict" "dashboard-evi@1.0.2"
25 timing npm:load:setTitle Completed in 2ms
26 timing config:load:flatten Completed in 2ms
27 timing npm:load:display Completed in 4ms
28 verbose logfile logs-max:10 dir:/data/.npm/_logs
29 verbose logfile /data/.npm/_logs/2024-06-03T07_19_53_326Z-debug-0.log
30 timing npm:load:logFile Completed in 5ms
31 timing npm:load:timers Completed in 0ms
32 timing npm:load:configScope Completed in 0ms
33 timing npm:load Completed in 27ms
34 timing arborist:ctor Completed in 1ms
35 silly logfile start cleaning logs, removing 12 files
36 timing idealTree:init Completed in 22ms
37 timing idealTree:userRequests Completed in 1ms
38 silly idealTree buildDeps
39 silly fetch manifest dashboard-evi@1.0.2
40 timing arborist:ctor Completed in 1ms
41 silly logfile done cleaning log files
42 http fetch GET 200 https://registry.npmjs.org/dashboard-evi 693ms (cache miss)
43 silly placeDep ROOT dashboard-evi@1.0.2 OK for: node-red-project@0.0.1 want: 1.0.2
44 silly fetch manifest compression@^1.7.4
45 silly fetch manifest gridstack@^0.6.4
46 silly fetch manifest serve-static@^1.14.1
47 silly fetch manifest socket.io@~2.4.1
48 http fetch GET 200 https://registry.npmjs.org/compression 34ms (cache miss)
49 http fetch GET 200 https://registry.npmjs.org/serve-static 70ms (cache miss)
50 http fetch GET 200 https://registry.npmjs.org/gridstack 77ms (cache miss)
51 http fetch GET 200 https://registry.npmjs.org/socket.io 80ms (cache miss)
52 timing idealTree:#root Completed in 785ms
53 silly placeDep ROOT compression@1.7.4 OK for: dashboard-evi@1.0.2 want: ^1.7.4
54 silly placeDep ROOT gridstack@0.6.4 OK for: dashboard-evi@1.0.2 want: ^0.6.4
55 silly placeDep ROOT serve-static@1.15.0 OK for: dashboard-evi@1.0.2 want: ^1.14.1
56 silly placeDep ROOT socket.io@2.4.1 OK for: dashboard-evi@1.0.2 want: ~2.4.1
57 silly fetch manifest vary@~1.1.2
58 silly fetch manifest bytes@3.0.0
59 silly fetch manifest debug@2.6.9
60 silly fetch manifest accepts@~1.3.5
61 silly fetch manifest on-headers@~1.0.2
62 silly fetch manifest safe-buffer@5.1.2
63 silly fetch manifest compressible@~2.0.16
64 silly fetch manifest jquery@^1.8 || 2 || 3
65 silly fetch manifest send@0.18.0
66 silly fetch manifest parseurl@~1.3.3
67 silly fetch manifest encodeurl@~1.0.2
68 silly fetch manifest escape-html@~1.0.3
69 silly fetch manifest debug@~4.1.0
70 silly fetch manifest engine.io@~3.5.0
71 silly fetch manifest has-binary2@~1.0.2
72 silly fetch manifest socket.io-adapter@~1.1.0
73 silly fetch manifest socket.io-client@2.4.0
74 silly fetch manifest socket.io-parser@~3.4.0
75 http fetch GET 200 https://registry.npmjs.org/vary 65ms (cache miss)
76 http fetch GET 200 https://registry.npmjs.org/bytes 65ms (cache miss)
77 http fetch GET 200 https://registry.npmjs.org/accepts 65ms (cache miss)
78 http fetch GET 200 https://registry.npmjs.org/debug 68ms (cache miss)
79 http fetch GET 200 https://registry.npmjs.org/socket.io-parser 101ms (cache miss)
80 http fetch GET 200 https://registry.npmjs.org/safe-buffer 110ms (cache miss)
81 http fetch GET 200 https://registry.npmjs.org/socket.io-adapter 105ms (cache miss)
82 http fetch GET 200 https://registry.npmjs.org/compressible 115ms (cache miss)
83 http fetch GET 200 https://registry.npmjs.org/socket.io-client 119ms (cache miss)
84 http fetch GET 200 https://registry.npmjs.org/escape-html 123ms (cache miss)
85 http fetch GET 200 https://registry.npmjs.org/encodeurl 125ms (cache miss)
86 http fetch GET 200 https://registry.npmjs.org/has-binary2 124ms (cache miss)
87 http fetch GET 200 https://registry.npmjs.org/on-headers 131ms (cache miss)
88 http fetch GET 200 https://registry.npmjs.org/parseurl 127ms (cache miss)
89 http fetch GET 200 https://registry.npmjs.org/debug 128ms (cache miss)
90 http fetch GET 200 https://registry.npmjs.org/send 133ms (cache miss)
91 http fetch GET 200 https://registry.npmjs.org/jquery 136ms (cache miss)
92 http fetch GET 200 https://registry.npmjs.org/engine.io 136ms (cache miss)
93 timing idealTree:node_modules/dashboard-evi Completed in 161ms
94 silly placeDep ROOT accepts@1.3.8 OK for: compression@1.7.4 want: ~1.3.5
95 silly placeDep ROOT bytes@3.0.0 OK for: compression@1.7.4 want: 3.0.0
96 silly placeDep ROOT compressible@2.0.18 OK for: compression@1.7.4 want: ~2.0.16
97 silly placeDep ROOT debug@2.6.9 OK for: compression@1.7.4 want: 2.6.9
98 silly placeDep ROOT on-headers@1.0.2 OK for: compression@1.7.4 want: ~1.0.2
99 silly placeDep ROOT safe-buffer@5.1.2 OK for: compression@1.7.4 want: 5.1.2
100 silly placeDep ROOT vary@1.1.2 OK for: compression@1.7.4 want: ~1.1.2
101 silly fetch manifest mime-types@~2.1.34
102 silly fetch manifest negotiator@0.6.3
103 silly fetch manifest mime-db@>= 1.43.0 < 2
104 silly fetch manifest ms@2.0.0
105 http fetch GET 200 https://registry.npmjs.org/negotiator 49ms (cache miss)
106 http fetch GET 200 https://registry.npmjs.org/ms 49ms (cache miss)
107 http fetch GET 200 https://registry.npmjs.org/mime-types 51ms (cache miss)
108 http fetch GET 200 https://registry.npmjs.org/mime-db 52ms (cache miss)
109 timing idealTree:node_modules/compression Completed in 65ms
110 silly placeDep ROOT mime-types@2.1.35 OK for: accepts@1.3.8 want: ~2.1.34
111 silly placeDep ROOT negotiator@0.6.3 OK for: accepts@1.3.8 want: 0.6.3
112 silly fetch manifest mime-db@1.52.0
113 timing idealTree:node_modules/accepts Completed in 3ms
114 timing idealTree:node_modules/bytes Completed in 0ms
115 silly placeDep ROOT mime-db@1.52.0 OK for: compressible@2.0.18 want: >= 1.43.0 < 2
116 timing idealTree:node_modules/compressible Completed in 1ms
117 silly placeDep ROOT ms@2.0.0 OK for: debug@2.6.9 want: 2.0.0
118 timing idealTree:node_modules/debug Completed in 1ms
119 silly placeDep ROOT jquery@3.7.1 OK for: gridstack@0.6.4 want: ^1.8 || 2 || 3
120 timing idealTree:node_modules/gridstack Completed in 1ms
121 timing idealTree:node_modules/jquery Completed in 0ms
122 timing idealTree:node_modules/mime-db Completed in 0ms
123 timing idealTree:node_modules/mime-types Completed in 0ms
124 timing idealTree:node_modules/ms Completed in 0ms
125 timing idealTree:node_modules/negotiator Completed in 0ms
126 timing idealTree:node_modules/on-headers Completed in 0ms
127 timing idealTree:node_modules/safe-buffer Completed in 0ms
128 silly placeDep ROOT encodeurl@1.0.2 OK for: serve-static@1.15.0 want: ~1.0.2
129 silly placeDep ROOT escape-html@1.0.3 OK for: serve-static@1.15.0 want: ~1.0.3
130 silly placeDep ROOT parseurl@1.3.3 OK for: serve-static@1.15.0 want: ~1.3.3
131 silly placeDep ROOT send@0.18.0 OK for: serve-static@1.15.0 want: 0.18.0
132 silly fetch manifest ms@2.1.3
133 silly fetch manifest depd@2.0.0
134 silly fetch manifest etag@~1.8.1
135 silly fetch manifest mime@1.6.0
136 silly fetch manifest fresh@0.5.2
137 silly fetch manifest destroy@1.2.0
138 silly fetch manifest statuses@2.0.1
139 silly fetch manifest http-errors@2.0.0
140 silly fetch manifest on-finished@2.4.1
141 silly fetch manifest range-parser@~1.2.1
142 http fetch GET 200 https://registry.npmjs.org/etag 38ms (cache miss)
143 http fetch GET 200 https://registry.npmjs.org/fresh 57ms (cache miss)
144 http fetch GET 200 https://registry.npmjs.org/on-finished 55ms (cache miss)
145 http fetch GET 200 https://registry.npmjs.org/destroy 58ms (cache miss)
146 http fetch GET 200 https://registry.npmjs.org/depd 61ms (cache miss)
147 http fetch GET 200 https://registry.npmjs.org/mime 60ms (cache miss)
148 http fetch GET 200 https://registry.npmjs.org/statuses 60ms (cache miss)
149 http fetch GET 200 https://registry.npmjs.org/http-errors 60ms (cache miss)
150 http fetch GET 200 https://registry.npmjs.org/range-parser 509ms (cache miss)
151 timing idealTree:node_modules/serve-static Completed in 522ms
152 timing idealTree:node_modules/encodeurl Completed in 0ms
153 timing idealTree:node_modules/escape-html Completed in 0ms
154 timing idealTree:node_modules/parseurl Completed in 0ms
155 silly placeDep ROOT depd@2.0.0 OK for: send@0.18.0 want: 2.0.0
156 silly placeDep ROOT destroy@1.2.0 OK for: send@0.18.0 want: 1.2.0
157 silly placeDep ROOT etag@1.8.1 OK for: send@0.18.0 want: ~1.8.1
158 silly placeDep ROOT fresh@0.5.2 OK for: send@0.18.0 want: 0.5.2
159 silly placeDep ROOT http-errors@2.0.0 OK for: send@0.18.0 want: 2.0.0
160 silly placeDep ROOT mime@1.6.0 OK for: send@0.18.0 want: 1.6.0
161 silly placeDep node_modules/send ms@2.1.3 OK for: send@0.18.0 want: 2.1.3
162 silly placeDep ROOT on-finished@2.4.1 OK for: send@0.18.0 want: 2.4.1
163 silly placeDep ROOT range-parser@1.2.1 OK for: send@0.18.0 want: ~1.2.1
164 silly placeDep ROOT statuses@2.0.1 OK for: send@0.18.0 want: 2.0.1
165 silly fetch manifest inherits@2.0.4
166 silly fetch manifest setprototypeof@1.2.0
167 silly fetch manifest toidentifier@1.0.1
168 silly fetch manifest ee-first@1.1.1
169 http fetch GET 200 https://registry.npmjs.org/setprototypeof 39ms (cache miss)
170 http fetch GET 200 https://registry.npmjs.org/inherits 46ms (cache miss)
171 http fetch GET 200 https://registry.npmjs.org/toidentifier 45ms (cache miss)
172 http fetch GET 200 https://registry.npmjs.org/ee-first 45ms (cache miss)
173 timing idealTree:node_modules/send Completed in 58ms
174 timing idealTree:node_modules/depd Completed in 0ms
175 timing idealTree:node_modules/destroy Completed in 0ms
176 timing idealTree:node_modules/etag Completed in 0ms
177 timing idealTree:node_modules/fresh Completed in 0ms
178 silly placeDep ROOT inherits@2.0.4 OK for: http-errors@2.0.0 want: 2.0.4
179 silly placeDep ROOT setprototypeof@1.2.0 OK for: http-errors@2.0.0 want: 1.2.0
180 silly placeDep ROOT toidentifier@1.0.1 OK for: http-errors@2.0.0 want: 1.0.1
181 timing idealTree:node_modules/http-errors Completed in 3ms
182 timing idealTree:node_modules/inherits Completed in 0ms
183 timing idealTree:node_modules/mime Completed in 0ms
184 silly placeDep ROOT ee-first@1.1.1 OK for: on-finished@2.4.1 want: 1.1.1
185 timing idealTree:node_modules/on-finished Completed in 1ms
186 timing idealTree:node_modules/ee-first Completed in 0ms
187 timing idealTree:node_modules/range-parser Completed in 0ms
188 timing idealTree:node_modules/setprototypeof Completed in 0ms
189 silly placeDep node_modules/socket.io debug@4.1.1 OK for: socket.io@2.4.1 want: ~4.1.0
190 silly placeDep ROOT engine.io@3.5.0 OK for: socket.io@2.4.1 want: ~3.5.0
191 silly placeDep ROOT has-binary2@1.0.3 OK for: socket.io@2.4.1 want: ~1.0.2
192 silly placeDep ROOT socket.io-adapter@1.1.2 OK for: socket.io@2.4.1 want: ~1.1.0
193 silly placeDep ROOT socket.io-client@2.4.0 OK for: socket.io@2.4.1 want: 2.4.0
194 silly placeDep ROOT socket.io-parser@3.4.3 OK for: socket.io@2.4.1 want: ~3.4.0
195 silly fetch manifest ms@^2.1.1
196 silly fetch manifest base64id@2.0.0
197 silly fetch manifest cookie@~0.4.1
198 silly fetch manifest engine.io-parser@~2.2.0
199 silly fetch manifest ws@~7.4.2
200 silly fetch manifest isarray@2.0.1
201 silly fetch manifest backo2@1.0.2
202 silly fetch manifest component-bind@1.0.0
203 silly fetch manifest component-emitter@~1.3.0
204 silly fetch manifest debug@~3.1.0
205 silly fetch manifest engine.io-client@~3.5.0
206 silly fetch manifest indexof@0.0.1
207 silly fetch manifest parseqs@0.0.6
208 silly fetch manifest parseuri@0.0.6
209 silly fetch manifest socket.io-parser@~3.3.0
210 silly fetch manifest to-array@0.1.4
211 silly fetch manifest component-emitter@1.2.1
212 http fetch GET 200 https://registry.npmjs.org/backo2 44ms (cache miss)
213 http fetch GET 200 https://registry.npmjs.org/base64id 51ms (cache miss)
214 http fetch GET 200 https://registry.npmjs.org/isarray 87ms (cache miss)
215 http fetch GET 200 https://registry.npmjs.org/indexof 86ms (cache miss)
216 http fetch GET 200 https://registry.npmjs.org/cookie 95ms (cache miss)
217 http fetch GET 200 https://registry.npmjs.org/parseuri 86ms (cache miss)
218 http fetch GET 200 https://registry.npmjs.org/to-array 86ms (cache miss)
219 http fetch GET 200 https://registry.npmjs.org/component-emitter 90ms (cache miss)
220 http fetch GET 200 https://registry.npmjs.org/parseqs 89ms (cache miss)
221 http fetch GET 200 https://registry.npmjs.org/component-bind 92ms (cache miss)
222 http fetch GET 200 https://registry.npmjs.org/component-emitter 87ms (cache miss)
223 http fetch GET 200 https://registry.npmjs.org/engine.io-parser 99ms (cache miss)
224 http fetch GET 200 https://registry.npmjs.org/engine.io-client 95ms (cache miss)
225 http fetch GET 200 https://registry.npmjs.org/ws 103ms (cache miss)
226 timing idealTree:node_modules/socket.io Completed in 119ms
227 silly fetch manifest bufferutil@^4.0.1
228 http fetch GET 200 https://registry.npmjs.org/bufferutil 30ms (cache miss)
229 silly fetch manifest utf-8-validate@^5.0.2
230 http fetch GET 200 https://registry.npmjs.org/utf-8-validate 43ms (cache miss)
231 silly placeDep ROOT base64id@2.0.0 OK for: engine.io@3.5.0 want: 2.0.0
232 silly placeDep ROOT cookie@0.4.2 OK for: engine.io@3.5.0 want: ~0.4.1
233 silly placeDep node_modules/engine.io debug@4.1.1 OK for: engine.io@3.5.0 want: ~4.1.0
234 silly placeDep ROOT engine.io-parser@2.2.1 OK for: engine.io@3.5.0 want: ~2.2.0
235 silly placeDep ROOT ws@7.4.6 OK for: engine.io@3.5.0 want: ~7.4.2
236 silly fetch manifest after@0.8.2
237 silly fetch manifest arraybuffer.slice@~0.0.7
238 silly fetch manifest base64-arraybuffer@0.1.4
239 silly fetch manifest blob@0.0.5
240 http fetch GET 200 https://registry.npmjs.org/after 33ms (cache miss)
241 http fetch GET 200 https://registry.npmjs.org/arraybuffer.slice 33ms (cache miss)
242 http fetch GET 200 https://registry.npmjs.org/base64-arraybuffer 40ms (cache miss)
243 http fetch GET 200 https://registry.npmjs.org/blob 41ms (cache miss)
244 timing idealTree:node_modules/engine.io Completed in 126ms
245 timing idealTree:node_modules/base64id Completed in 0ms
246 timing idealTree:node_modules/cookie Completed in 0ms
247 silly placeDep ROOT after@0.8.2 OK for: engine.io-parser@2.2.1 want: 0.8.2
248 silly placeDep ROOT arraybuffer.slice@0.0.7 OK for: engine.io-parser@2.2.1 want: ~0.0.7
249 silly placeDep ROOT base64-arraybuffer@0.1.4 OK for: engine.io-parser@2.2.1 want: 0.1.4
250 silly placeDep ROOT blob@0.0.5 OK for: engine.io-parser@2.2.1 want: 0.0.5
251 timing idealTree:node_modules/engine.io-parser Completed in 5ms
252 timing idealTree:node_modules/after Completed in 0ms
253 timing idealTree:node_modules/arraybuffer.slice Completed in 0ms
254 timing idealTree:node_modules/base64-arraybuffer Completed in 0ms
255 timing idealTree:node_modules/blob Completed in 0ms
256 silly placeDep ROOT isarray@2.0.1 OK for: has-binary2@1.0.3 want: 2.0.1
257 timing idealTree:node_modules/has-binary2 Completed in 4ms
258 timing idealTree:node_modules/isarray Completed in 0ms
259 timing idealTree:node_modules/socket.io-adapter Completed in 0ms
260 silly placeDep ROOT backo2@1.0.2 OK for: socket.io-client@2.4.0 want: 1.0.2
261 silly placeDep ROOT component-bind@1.0.0 OK for: socket.io-client@2.4.0 want: 1.0.0
262 silly placeDep ROOT component-emitter@1.3.1 OK for: socket.io-client@2.4.0 want: ~1.3.0
263 silly placeDep node_modules/socket.io-client debug@3.1.0 OK for: socket.io-client@2.4.0 want: ~3.1.0
264 silly placeDep ROOT engine.io-client@3.5.3 OK for: socket.io-client@2.4.0 want: ~3.5.0
265 silly placeDep ROOT indexof@0.0.1 OK for: socket.io-client@2.4.0 want: 0.0.1
266 silly placeDep ROOT parseqs@0.0.6 OK for: socket.io-client@2.4.0 want: 0.0.6
267 silly placeDep ROOT parseuri@0.0.6 OK for: socket.io-client@2.4.0 want: 0.0.6
268 silly placeDep node_modules/socket.io-client socket.io-parser@3.3.3 OK for: socket.io-client@2.4.0 want: ~3.3.0
269 silly placeDep ROOT to-array@0.1.4 OK for: socket.io-client@2.4.0 want: 0.1.4
270 silly fetch manifest component-inherit@0.0.3
271 silly fetch manifest has-cors@1.1.0
272 silly fetch manifest xmlhttprequest-ssl@~1.6.2
273 silly fetch manifest yeast@0.1.2
274 http fetch GET 200 https://registry.npmjs.org/component-inherit 51ms (cache miss)
275 http fetch GET 200 https://registry.npmjs.org/has-cors 50ms (cache miss)
276 http fetch GET 200 https://registry.npmjs.org/xmlhttprequest-ssl 50ms (cache miss)
277 http fetch GET 200 https://registry.npmjs.org/yeast 50ms (cache miss)
278 timing idealTree:node_modules/socket.io-client Completed in 67ms
279 timing idealTree:node_modules/backo2 Completed in 0ms
280 timing idealTree:node_modules/component-bind Completed in 0ms
281 timing idealTree:node_modules/component-emitter Completed in 0ms
282 silly placeDep ROOT component-inherit@0.0.3 OK for: engine.io-client@3.5.3 want: 0.0.3
283 silly placeDep node_modules/engine.io-client debug@3.1.0 OK for: engine.io-client@3.5.3 want: ~3.1.0
284 silly placeDep ROOT has-cors@1.1.0 OK for: engine.io-client@3.5.3 want: 1.1.0
285 silly placeDep ROOT xmlhttprequest-ssl@1.6.3 OK for: engine.io-client@3.5.3 want: ~1.6.2
286 silly placeDep ROOT yeast@0.1.2 OK for: engine.io-client@3.5.3 want: 0.1.2
287 timing idealTree:node_modules/engine.io-client Completed in 6ms
288 timing idealTree:node_modules/component-inherit Completed in 0ms
289 timing idealTree:node_modules/has-cors Completed in 0ms
290 timing idealTree:node_modules/indexof Completed in 0ms
291 timing idealTree:node_modules/parseqs Completed in 0ms
292 timing idealTree:node_modules/parseuri Completed in 0ms
293 silly placeDep node_modules/socket.io-parser component-emitter@1.2.1 OK for: socket.io-parser@3.4.3 want: 1.2.1
294 silly placeDep node_modules/socket.io-parser debug@4.1.1 OK for: socket.io-parser@3.4.3 want: ~4.1.0
295 timing idealTree:node_modules/socket.io-parser Completed in 2ms
296 timing idealTree:node_modules/statuses Completed in 0ms
297 timing idealTree:node_modules/to-array Completed in 0ms
298 timing idealTree:node_modules/toidentifier Completed in 0ms
299 timing idealTree:node_modules/vary Completed in 0ms
300 timing idealTree:node_modules/ws Completed in 0ms
301 timing idealTree:node_modules/xmlhttprequest-ssl Completed in 0ms
302 timing idealTree:node_modules/yeast Completed in 0ms
303 timing idealTree:node_modules/engine.io-client/node_modules/debug Completed in 0ms
304 silly placeDep node_modules/engine.io ms@2.1.3 OK for: debug@4.1.1 want: ^2.1.1
305 timing idealTree:node_modules/engine.io/node_modules/debug Completed in 1ms
306 timing idealTree:node_modules/engine.io/node_modules/ms Completed in 0ms
307 timing idealTree:node_modules/send/node_modules/ms Completed in 0ms
308 timing idealTree:node_modules/socket.io-client/node_modules/debug Completed in 0ms
309 timing idealTree:node_modules/socket.io-client/node_modules/socket.io-parser Completed in 0ms
310 timing idealTree:node_modules/socket.io-parser/node_modules/component-emitter Completed in 0ms
311 silly placeDep node_modules/socket.io-parser ms@2.1.3 OK for: debug@4.1.1 want: ^2.1.1
312 timing idealTree:node_modules/socket.io-parser/node_modules/debug Completed in 1ms
313 timing idealTree:node_modules/socket.io-parser/node_modules/ms Completed in 0ms
314 silly placeDep node_modules/socket.io ms@2.1.3 OK for: debug@4.1.1 want: ^2.1.1
315 timing idealTree:node_modules/socket.io/node_modules/debug Completed in 2ms
316 timing idealTree:node_modules/socket.io/node_modules/ms Completed in 0ms
317 timing idealTree:buildDeps Completed in 1939ms
318 timing idealTree:fixDepFlags Completed in 1ms
319 timing idealTree Completed in 1968ms
320 timing reify:loadTrees Completed in 1968ms
321 timing reify:diffTrees Completed in 3ms
322 silly reify moves {}
323 timing reify:retireShallow Completed in 1ms
324 timing reify:createSparse Completed in 9ms
325 timing reify:trashOmits Completed in 0ms
326 timing reify:loadBundles Completed in 0ms
327 silly tarball no local data for yeast@https://registry.npmjs.org/yeast/-/yeast-0.1.2.tgz. Extracting by manifest.
328 silly tarball no local data for xmlhttprequest-ssl@https://registry.npmjs.org/xmlhttprequest-ssl/-/xmlhttprequest-ssl-1.6.3.tgz. Extracting by manifest.
329 silly tarball no local data for has-cors@https://registry.npmjs.org/has-cors/-/has-cors-1.1.0.tgz. Extracting by manifest.
330 silly tarball no local data for to-array@https://registry.npmjs.org/to-array/-/to-array-0.1.4.tgz. Extracting by manifest.
331 silly tarball no local data for component-inherit@https://registry.npmjs.org/component-inherit/-/component-inherit-0.0.3.tgz. Extracting by manifest.
332 silly tarball no local data for parseuri@https://registry.npmjs.org/parseuri/-/parseuri-0.0.6.tgz. Extracting by manifest.
333 silly tarball no local data for parseqs@https://registry.npmjs.org/parseqs/-/parseqs-0.0.6.tgz. Extracting by manifest.
334 silly tarball no local data for indexof@https://registry.npmjs.org/indexof/-/indexof-0.0.1.tgz. Extracting by manifest.
335 silly tarball no local data for component-bind@https://registry.npmjs.org/component-bind/-/component-bind-1.0.0.tgz. Extracting by manifest.
336 silly tarball no local data for engine.io-client@https://registry.npmjs.org/engine.io-client/-/engine.io-client-3.5.3.tgz. Extracting by manifest.
337 silly tarball no local data for component-emitter@https://registry.npmjs.org/component-emitter/-/component-emitter-1.3.1.tgz. Extracting by manifest.
338 silly tarball no local data for isarray@https://registry.npmjs.org/isarray/-/isarray-2.0.1.tgz. Extracting by manifest.
339 silly tarball no local data for backo2@https://registry.npmjs.org/backo2/-/backo2-1.0.2.tgz. Extracting by manifest.
340 silly tarball no local data for blob@https://registry.npmjs.org/blob/-/blob-0.0.5.tgz. Extracting by manifest.
341 silly tarball no local data for base64-arraybuffer@https://registry.npmjs.org/base64-arraybuffer/-/base64-arraybuffer-0.1.4.tgz. Extracting by manifest.
342 silly tarball no local data for arraybuffer.slice@https://registry.npmjs.org/arraybuffer.slice/-/arraybuffer.slice-0.0.7.tgz. Extracting by manifest.
343 silly tarball no local data for ws@https://registry.npmjs.org/ws/-/ws-7.4.6.tgz. Extracting by manifest.
344 silly tarball no local data for after@https://registry.npmjs.org/after/-/after-0.8.2.tgz. Extracting by manifest.
345 silly tarball no local data for engine.io-parser@https://registry.npmjs.org/engine.io-parser/-/engine.io-parser-2.2.1.tgz. Extracting by manifest.
346 silly tarball no local data for cookie@https://registry.npmjs.org/cookie/-/cookie-0.4.2.tgz. Extracting by manifest.
347 silly tarball no local data for base64id@https://registry.npmjs.org/base64id/-/base64id-2.0.0.tgz. Extracting by manifest.
348 silly tarball no local data for socket.io-parser@https://registry.npmjs.org/socket.io-parser/-/socket.io-parser-3.4.3.tgz. Extracting by manifest.
349 silly tarball no local data for socket.io-client@https://registry.npmjs.org/socket.io-client/-/socket.io-client-2.4.0.tgz. Extracting by manifest.
350 silly tarball no local data for has-binary2@https://registry.npmjs.org/has-binary2/-/has-binary2-1.0.3.tgz. Extracting by manifest.
351 silly tarball no local data for socket.io-adapter@https://registry.npmjs.org/socket.io-adapter/-/socket.io-adapter-1.1.2.tgz. Extracting by manifest.
352 silly tarball no local data for engine.io@https://registry.npmjs.org/engine.io/-/engine.io-3.5.0.tgz. Extracting by manifest.
353 silly tarball no local data for ee-first@https://registry.npmjs.org/ee-first/-/ee-first-1.1.1.tgz. Extracting by manifest.
354 silly tarball no local data for toidentifier@https://registry.npmjs.org/toidentifier/-/toidentifier-1.0.1.tgz. Extracting by manifest.
355 silly tarball no local data for setprototypeof@https://registry.npmjs.org/setprototypeof/-/setprototypeof-1.2.0.tgz. Extracting by manifest.
356 silly tarball no local data for inherits@https://registry.npmjs.org/inherits/-/inherits-2.0.4.tgz. Extracting by manifest.
357 silly tarball no local data for statuses@https://registry.npmjs.org/statuses/-/statuses-2.0.1.tgz. Extracting by manifest.
358 silly tarball no local data for mime@https://registry.npmjs.org/mime/-/mime-1.6.0.tgz. Extracting by manifest.
359 silly tarball no local data for on-finished@https://registry.npmjs.org/on-finished/-/on-finished-2.4.1.tgz. Extracting by manifest.
360 silly tarball no local data for range-parser@https://registry.npmjs.org/range-parser/-/range-parser-1.2.1.tgz. Extracting by manifest.
361 silly tarball no local data for http-errors@https://registry.npmjs.org/http-errors/-/http-errors-2.0.0.tgz. Extracting by manifest.
362 silly tarball no local data for fresh@https://registry.npmjs.org/fresh/-/fresh-0.5.2.tgz. Extracting by manifest.
363 silly tarball no local data for destroy@https://registry.npmjs.org/destroy/-/destroy-1.2.0.tgz. Extracting by manifest.
364 silly tarball no local data for etag@https://registry.npmjs.org/etag/-/etag-1.8.1.tgz. Extracting by manifest.
365 silly tarball no local data for depd@https://registry.npmjs.org/depd/-/depd-2.0.0.tgz. Extracting by manifest.
366 silly tarball no local data for send@https://registry.npmjs.org/send/-/send-0.18.0.tgz. Extracting by manifest.
367 silly tarball no local data for parseurl@https://registry.npmjs.org/parseurl/-/parseurl-1.3.3.tgz. Extracting by manifest.
368 silly tarball no local data for escape-html@https://registry.npmjs.org/escape-html/-/escape-html-1.0.3.tgz. Extracting by manifest.
369 silly tarball no local data for encodeurl@https://registry.npmjs.org/encodeurl/-/encodeurl-1.0.2.tgz. Extracting by manifest.
370 silly tarball no local data for jquery@https://registry.npmjs.org/jquery/-/jquery-3.7.1.tgz. Extracting by manifest.
371 silly tarball no local data for ms@https://registry.npmjs.org/ms/-/ms-2.0.0.tgz. Extracting by manifest.
372 silly tarball no local data for mime-db@https://registry.npmjs.org/mime-db/-/mime-db-1.52.0.tgz. Extracting by manifest.
373 silly tarball no local data for negotiator@https://registry.npmjs.org/negotiator/-/negotiator-0.6.3.tgz. Extracting by manifest.
374 silly tarball no local data for mime-types@https://registry.npmjs.org/mime-types/-/mime-types-2.1.35.tgz. Extracting by manifest.
375 silly tarball no local data for vary@https://registry.npmjs.org/vary/-/vary-1.1.2.tgz. Extracting by manifest.
376 silly tarball no local data for safe-buffer@https://registry.npmjs.org/safe-buffer/-/safe-buffer-5.1.2.tgz. Extracting by manifest.
377 silly tarball no local data for on-headers@https://registry.npmjs.org/on-headers/-/on-headers-1.0.2.tgz. Extracting by manifest.
378 silly tarball no local data for debug@https://registry.npmjs.org/debug/-/debug-2.6.9.tgz. Extracting by manifest.
379 silly tarball no local data for compressible@https://registry.npmjs.org/compressible/-/compressible-2.0.18.tgz. Extracting by manifest.
380 silly tarball no local data for bytes@https://registry.npmjs.org/bytes/-/bytes-3.0.0.tgz. Extracting by manifest.
381 silly tarball no local data for accepts@https://registry.npmjs.org/accepts/-/accepts-1.3.8.tgz. Extracting by manifest.
382 silly tarball no local data for socket.io@https://registry.npmjs.org/socket.io/-/socket.io-2.4.1.tgz. Extracting by manifest.
383 silly tarball no local data for serve-static@https://registry.npmjs.org/serve-static/-/serve-static-1.15.0.tgz. Extracting by manifest.
384 silly tarball no local data for gridstack@https://registry.npmjs.org/gridstack/-/gridstack-0.6.4.tgz. Extracting by manifest.
385 silly tarball no local data for compression@https://registry.npmjs.org/compression/-/compression-1.7.4.tgz. Extracting by manifest.
386 silly tarball no local data for dashboard-evi@https://registry.npmjs.org/dashboard-evi/-/dashboard-evi-1.0.2.tgz. Extracting by manifest.
387 silly tarball no local data for debug@https://registry.npmjs.org/debug/-/debug-3.1.0.tgz. Extracting by manifest.
388 silly tarball no local data for ms@https://registry.npmjs.org/ms/-/ms-2.1.3.tgz. Extracting by manifest.
389 silly tarball no local data for debug@https://registry.npmjs.org/debug/-/debug-4.1.1.tgz. Extracting by manifest.
390 silly tarball no local data for component-emitter@https://registry.npmjs.org/component-emitter/-/component-emitter-1.2.1.tgz. Extracting by manifest.
391 silly tarball no local data for socket.io-parser@https://registry.npmjs.org/socket.io-parser/-/socket.io-parser-3.3.3.tgz. Extracting by manifest.
392 silly tarball no local data for debug@https://registry.npmjs.org/debug/-/debug-3.1.0.tgz. Extracting by manifest.
393 silly tarball no local data for debug@https://registry.npmjs.org/debug/-/debug-4.1.1.tgz. Extracting by manifest.
394 silly tarball no local data for ms@https://registry.npmjs.org/ms/-/ms-2.1.3.tgz. Extracting by manifest.
395 silly tarball no local data for ms@https://registry.npmjs.org/ms/-/ms-2.1.3.tgz. Extracting by manifest.
396 silly tarball no local data for ms@https://registry.npmjs.org/ms/-/ms-2.1.3.tgz. Extracting by manifest.
397 silly tarball no local data for debug@https://registry.npmjs.org/debug/-/debug-4.1.1.tgz. Extracting by manifest.
398 http fetch GET 200 https://registry.npmjs.org/after/-/after-0.8.2.tgz 277ms (cache miss)
399 timing reifyNode:node_modules/after Completed in 328ms
400 http fetch GET 200 https://registry.npmjs.org/indexof/-/indexof-0.0.1.tgz 293ms (cache miss)
401 timing reifyNode:node_modules/indexof Completed in 334ms
402 http fetch GET 200 https://registry.npmjs.org/has-cors/-/has-cors-1.1.0.tgz 300ms (cache miss)
403 timing reifyNode:node_modules/has-cors Completed in 335ms
404 http fetch GET 200 https://registry.npmjs.org/component-inherit/-/component-inherit-0.0.3.tgz 298ms (cache miss)
405 timing reifyNode:node_modules/component-inherit Completed in 334ms
406 http fetch GET 200 https://registry.npmjs.org/component-emitter/-/component-emitter-1.3.1.tgz 288ms (cache miss)
407 timing reifyNode:node_modules/component-emitter Completed in 335ms
408 http fetch GET 200 https://registry.npmjs.org/yeast/-/yeast-0.1.2.tgz 305ms (cache miss)
409 timing reifyNode:node_modules/yeast Completed in 338ms
410 http fetch GET 200 https://registry.npmjs.org/isarray/-/isarray-2.0.1.tgz 293ms (cache miss)
411 timing reifyNode:node_modules/isarray Completed in 340ms
412 http fetch GET 200 https://registry.npmjs.org/backo2/-/backo2-1.0.2.tgz 292ms (cache miss)
413 timing reifyNode:node_modules/backo2 Completed in 340ms
414 http fetch GET 200 https://registry.npmjs.org/base64-arraybuffer/-/base64-arraybuffer-0.1.4.tgz 293ms (cache miss)
415 timing reifyNode:node_modules/base64-arraybuffer Completed in 344ms
416 http fetch GET 200 https://registry.npmjs.org/arraybuffer.slice/-/arraybuffer.slice-0.0.7.tgz 293ms (cache miss)
417 timing reifyNode:node_modules/arraybuffer.slice Completed in 343ms
418 http fetch GET 200 https://registry.npmjs.org/parseuri/-/parseuri-0.0.6.tgz 311ms (cache miss)
419 timing reifyNode:node_modules/parseuri Completed in 348ms
420 http fetch GET 200 https://registry.npmjs.org/parseqs/-/parseqs-0.0.6.tgz 313ms (cache miss)
421 timing reifyNode:node_modules/parseqs Completed in 351ms
422 http fetch GET 200 https://registry.npmjs.org/to-array/-/to-array-0.1.4.tgz 316ms (cache miss)
423 timing reifyNode:node_modules/to-array Completed in 351ms
424 http fetch GET 200 https://registry.npmjs.org/component-bind/-/component-bind-1.0.0.tgz 310ms (cache miss)
425 timing reifyNode:node_modules/component-bind Completed in 351ms
426 http fetch GET 200 https://registry.npmjs.org/engine.io-parser/-/engine.io-parser-2.2.1.tgz 299ms (cache miss)
427 timing reifyNode:node_modules/engine.io-parser Completed in 351ms
428 http fetch GET 200 https://registry.npmjs.org/cookie/-/cookie-0.4.2.tgz 303ms (cache miss)
429 timing reifyNode:node_modules/cookie Completed in 356ms
430 http fetch GET 200 https://registry.npmjs.org/ee-first/-/ee-first-1.1.1.tgz 295ms (cache miss)
431 timing reifyNode:node_modules/ee-first Completed in 356ms
432 http fetch GET 200 https://registry.npmjs.org/base64id/-/base64id-2.0.0.tgz 303ms (cache miss)
433 timing reifyNode:node_modules/base64id Completed in 357ms
434 http fetch GET 200 https://registry.npmjs.org/has-binary2/-/has-binary2-1.0.3.tgz 301ms (cache miss)
435 timing reifyNode:node_modules/has-binary2 Completed in 358ms
436 http fetch GET 200 https://registry.npmjs.org/socket.io-adapter/-/socket.io-adapter-1.1.2.tgz 300ms (cache miss)
437 timing reifyNode:node_modules/socket.io-adapter Completed in 358ms
438 http fetch GET 200 https://registry.npmjs.org/toidentifier/-/toidentifier-1.0.1.tgz 296ms (cache miss)
439 timing reifyNode:node_modules/toidentifier Completed in 358ms
440 http fetch GET 200 https://registry.npmjs.org/blob/-/blob-0.0.5.tgz 313ms (cache miss)
441 timing reifyNode:node_modules/blob Completed in 366ms
442 http fetch GET 200 https://registry.npmjs.org/socket.io-parser/-/socket.io-parser-3.4.3.tgz 310ms (cache miss)
443 timing reifyNode:node_modules/socket.io-parser Completed in 365ms
444 http fetch GET 200 https://registry.npmjs.org/on-finished/-/on-finished-2.4.1.tgz 299ms (cache miss)
445 timing reifyNode:node_modules/on-finished Completed in 368ms
446 http fetch GET 200 https://registry.npmjs.org/mime/-/mime-1.6.0.tgz 313ms (cache miss)
447 timing reifyNode:node_modules/mime Completed in 382ms
448 http fetch GET 200 https://registry.npmjs.org/http-errors/-/http-errors-2.0.0.tgz 314ms (cache miss)
449 timing reifyNode:node_modules/http-errors Completed in 384ms
450 http fetch GET 200 https://registry.npmjs.org/setprototypeof/-/setprototypeof-1.2.0.tgz 323ms (cache miss)
451 timing reifyNode:node_modules/setprototypeof Completed in 385ms
452 http fetch GET 200 https://registry.npmjs.org/inherits/-/inherits-2.0.4.tgz 323ms (cache miss)
453 timing reifyNode:node_modules/inherits Completed in 389ms
454 http fetch GET 200 https://registry.npmjs.org/range-parser/-/range-parser-1.2.1.tgz 319ms (cache miss)
455 timing reifyNode:node_modules/range-parser Completed in 389ms
456 http fetch GET 200 https://registry.npmjs.org/fresh/-/fresh-0.5.2.tgz 335ms (cache miss)
457 timing reifyNode:node_modules/fresh Completed in 407ms
458 http fetch GET 200 https://registry.npmjs.org/xmlhttprequest-ssl/-/xmlhttprequest-ssl-1.6.3.tgz 376ms (cache miss)
459 timing reifyNode:node_modules/xmlhttprequest-ssl Completed in 410ms
460 http fetch GET 200 https://registry.npmjs.org/statuses/-/statuses-2.0.1.tgz 359ms (cache miss)
461 timing reifyNode:node_modules/statuses Completed in 426ms
462 http fetch GET 200 https://registry.npmjs.org/destroy/-/destroy-1.2.0.tgz 354ms (cache miss)
463 timing reifyNode:node_modules/destroy Completed in 426ms
464 http fetch GET 200 https://registry.npmjs.org/etag/-/etag-1.8.1.tgz 358ms (cache miss)
465 timing reifyNode:node_modules/etag Completed in 431ms
466 http fetch GET 200 https://registry.npmjs.org/ws/-/ws-7.4.6.tgz 394ms (cache miss)
467 timing reifyNode:node_modules/ws Completed in 445ms
468 http fetch GET 200 https://registry.npmjs.org/send/-/send-0.18.0.tgz 375ms (cache miss)
469 timing reifyNode:node_modules/send Completed in 452ms
470 http fetch GET 200 https://registry.npmjs.org/engine.io-client/-/engine.io-client-3.5.3.tgz 418ms (cache miss)
471 timing reifyNode:node_modules/engine.io-client Completed in 462ms
472 http fetch GET 200 https://registry.npmjs.org/engine.io/-/engine.io-3.5.0.tgz 402ms (cache miss)
473 timing reifyNode:node_modules/engine.io Completed in 463ms
474 http fetch GET 200 https://registry.npmjs.org/encodeurl/-/encodeurl-1.0.2.tgz 383ms (cache miss)
475 timing reifyNode:node_modules/encodeurl Completed in 462ms
476 http fetch GET 200 https://registry.npmjs.org/depd/-/depd-2.0.0.tgz 392ms (cache miss)
477 timing reifyNode:node_modules/depd Completed in 466ms
478 http fetch GET 200 https://registry.npmjs.org/escape-html/-/escape-html-1.0.3.tgz 389ms (cache miss)
479 timing reifyNode:node_modules/escape-html Completed in 467ms
480 http fetch GET 200 https://registry.npmjs.org/negotiator/-/negotiator-0.6.3.tgz 382ms (cache miss)
481 timing reifyNode:node_modules/negotiator Completed in 468ms
482 http fetch GET 200 https://registry.npmjs.org/vary/-/vary-1.1.2.tgz 380ms (cache miss)
483 timing reifyNode:node_modules/vary Completed in 468ms
484 http fetch GET 200 https://registry.npmjs.org/compressible/-/compressible-2.0.18.tgz 375ms (cache miss)
485 timing reifyNode:node_modules/compressible Completed in 468ms
486 http fetch GET 200 https://registry.npmjs.org/parseurl/-/parseurl-1.3.3.tgz 393ms (cache miss)
487 timing reifyNode:node_modules/parseurl Completed in 470ms
488 http fetch GET 200 https://registry.npmjs.org/ms/-/ms-2.0.0.tgz 392ms (cache miss)
489 timing reifyNode:node_modules/ms Completed in 474ms
490 http fetch GET 200 https://registry.npmjs.org/mime-types/-/mime-types-2.1.35.tgz 389ms (cache miss)
491 timing reifyNode:node_modules/mime-types Completed in 476ms
492 http fetch GET 200 https://registry.npmjs.org/safe-buffer/-/safe-buffer-5.1.2.tgz 387ms (cache miss)
493 timing reifyNode:node_modules/safe-buffer Completed in 476ms
494 http fetch GET 200 https://registry.npmjs.org/socket.io/-/socket.io-2.4.1.tgz 380ms (cache miss)
495 timing reifyNode:node_modules/socket.io Completed in 477ms
496 http fetch GET 200 https://registry.npmjs.org/accepts/-/accepts-1.3.8.tgz 382ms (cache miss)
497 timing reifyNode:node_modules/accepts Completed in 477ms
498 http fetch GET 200 https://registry.npmjs.org/on-headers/-/on-headers-1.0.2.tgz 389ms (cache miss)
499 timing reifyNode:node_modules/on-headers Completed in 479ms
500 http fetch GET 200 https://registry.npmjs.org/compression/-/compression-1.7.4.tgz 381ms (cache miss)
501 timing reifyNode:node_modules/compression Completed in 479ms
502 http fetch GET 200 https://registry.npmjs.org/serve-static/-/serve-static-1.15.0.tgz 383ms (cache miss)
503 timing reifyNode:node_modules/serve-static Completed in 480ms
504 http fetch GET 200 https://registry.npmjs.org/bytes/-/bytes-3.0.0.tgz 391ms (cache miss)
505 timing reifyNode:node_modules/bytes Completed in 485ms
506 http fetch GET 200 https://registry.npmjs.org/mime-db/-/mime-db-1.52.0.tgz 446ms (cache miss)
507 timing reifyNode:node_modules/mime-db Completed in 532ms
508 http fetch GET 200 https://registry.npmjs.org/debug/-/debug-2.6.9.tgz 456ms (cache miss)
509 timing reifyNode:node_modules/debug Completed in 549ms
510 http fetch GET 200 https://registry.npmjs.org/component-emitter/-/component-emitter-1.2.1.tgz 448ms (cache miss)
511 timing reifyNode:node_modules/socket.io-parser/node_modules/component-emitter Completed in 553ms
512 http fetch GET 200 https://registry.npmjs.org/ms/-/ms-2.1.3.tgz 438ms (cache miss)
513 timing reifyNode:node_modules/engine.io/node_modules/ms Completed in 554ms
514 http fetch GET 200 https://registry.npmjs.org/ms/-/ms-2.1.3.tgz 438ms (cache miss)
515 timing reifyNode:node_modules/socket.io/node_modules/ms Completed in 554ms
516 http fetch GET 200 https://registry.npmjs.org/ms/-/ms-2.1.3.tgz 453ms (cache miss)
517 timing reifyNode:node_modules/socket.io-parser/node_modules/ms Completed in 556ms
518 http fetch GET 200 https://registry.npmjs.org/debug/-/debug-3.1.0.tgz 445ms (cache miss)
519 http fetch GET 200 https://registry.npmjs.org/ms/-/ms-2.1.3.tgz 441ms (cache miss)
520 timing reifyNode:node_modules/send/node_modules/ms Completed in 557ms
521 timing reifyNode:node_modules/socket.io-client/node_modules/debug Completed in 562ms
522 http fetch GET 200 https://registry.npmjs.org/debug/-/debug-4.1.1.tgz 448ms (cache miss)
523 http fetch GET 200 https://registry.npmjs.org/debug/-/debug-4.1.1.tgz 459ms (cache miss)
524 warn deprecated debug@4.1.1: Debug versions >=3.2.0 <3.2.7 || >=4 <4.3.1 have a low-severity ReDos regression when used in a Node.js environment. It is recommended you upgrade to 3.2.7 or 4.3.1. (https://github.com/visionmedia/debug/issues/797)
525 timing reifyNode:node_modules/socket.io-parser/node_modules/debug Completed in 564ms
526 warn deprecated debug@4.1.1: Debug versions >=3.2.0 <3.2.7 || >=4 <4.3.1 have a low-severity ReDos regression when used in a Node.js environment. It is recommended you upgrade to 3.2.7 or 4.3.1. (https://github.com/visionmedia/debug/issues/797)
527 timing reifyNode:node_modules/engine.io/node_modules/debug Completed in 565ms
528 http fetch GET 200 https://registry.npmjs.org/socket.io-parser/-/socket.io-parser-3.3.3.tgz 454ms (cache miss)
529 timing reifyNode:node_modules/socket.io-client/node_modules/socket.io-parser Completed in 565ms
530 http fetch GET 200 https://registry.npmjs.org/debug/-/debug-3.1.0.tgz 465ms (cache miss)
531 timing reifyNode:node_modules/engine.io-client/node_modules/debug Completed in 568ms
532 http fetch GET 200 https://registry.npmjs.org/debug/-/debug-4.1.1.tgz 450ms (cache miss)
533 warn deprecated debug@4.1.1: Debug versions >=3.2.0 <3.2.7 || >=4 <4.3.1 have a low-severity ReDos regression when used in a Node.js environment. It is recommended you upgrade to 3.2.7 or 4.3.1. (https://github.com/visionmedia/debug/issues/797)
534 timing reifyNode:node_modules/socket.io/node_modules/debug Completed in 568ms
535 http fetch GET 200 https://registry.npmjs.org/socket.io-client/-/socket.io-client-2.4.0.tgz 541ms (cache miss)
536 timing reifyNode:node_modules/socket.io-client Completed in 597ms
537 http fetch GET 200 https://registry.npmjs.org/gridstack/-/gridstack-0.6.4.tgz 499ms (cache miss)
538 timing reifyNode:node_modules/gridstack Completed in 597ms
539 http fetch GET 200 https://registry.npmjs.org/jquery/-/jquery-3.7.1.tgz 572ms (cache miss)
540 timing reifyNode:node_modules/jquery Completed in 652ms
541 http fetch GET 200 https://registry.npmjs.org/dashboard-evi/-/dashboard-evi-1.0.2.tgz 581ms (cache miss)
542 timing reifyNode:node_modules/dashboard-evi Completed in 680ms
543 timing reify:unpack Completed in 684ms
544 timing reify:unretire Completed in 0ms
545 timing build:queue Completed in 3ms
546 timing build:link:node_modules/mime Completed in 2ms
547 timing build:link Completed in 2ms
548 timing build:deps Completed in 5ms
549 timing build Completed in 5ms
550 timing reify:build Completed in 5ms
551 timing reify:trash Completed in 0ms
552 timing reify:save Completed in 20ms
553 timing reify Completed in 2707ms
554 silly ADD node_modules/yeast
555 silly ADD node_modules/xmlhttprequest-ssl
556 silly ADD node_modules/has-cors
557 silly ADD node_modules/component-inherit
558 silly ADD node_modules/to-array
559 silly ADD node_modules/parseuri
560 silly ADD node_modules/parseqs
561 silly ADD node_modules/indexof
562 silly ADD node_modules/engine.io-client
563 silly ADD node_modules/engine.io-client/node_modules/debug
564 silly ADD node_modules/component-emitter
565 silly ADD node_modules/component-bind
566 silly ADD node_modules/backo2
567 silly ADD node_modules/isarray
568 silly ADD node_modules/blob
569 silly ADD node_modules/base64-arraybuffer
570 silly ADD node_modules/arraybuffer.slice
571 silly ADD node_modules/after
572 silly ADD node_modules/ws
573 silly ADD node_modules/engine.io-parser
574 silly ADD node_modules/cookie
575 silly ADD node_modules/base64id
576 silly ADD node_modules/socket.io-parser
577 silly ADD node_modules/socket.io-parser/node_modules/ms
578 silly ADD node_modules/socket.io-parser/node_modules/debug
579 silly ADD node_modules/socket.io-parser/node_modules/component-emitter
580 silly ADD node_modules/socket.io-client
581 silly ADD node_modules/socket.io-client/node_modules/socket.io-parser
582 silly ADD node_modules/socket.io-client/node_modules/debug
583 silly ADD node_modules/socket.io-adapter
584 silly ADD node_modules/has-binary2
585 silly ADD node_modules/engine.io
586 silly ADD node_modules/engine.io/node_modules/ms
587 silly ADD node_modules/engine.io/node_modules/debug
588 silly ADD node_modules/ee-first
589 silly ADD node_modules/toidentifier
590 silly ADD node_modules/setprototypeof
591 silly ADD node_modules/inherits
592 silly ADD node_modules/statuses
593 silly ADD node_modules/range-parser
594 silly ADD node_modules/on-finished
595 silly ADD node_modules/mime
596 silly ADD node_modules/http-errors
597 silly ADD node_modules/fresh
598 silly ADD node_modules/etag
599 silly ADD node_modules/destroy
600 silly ADD node_modules/depd
601 silly ADD node_modules/send
602 silly ADD node_modules/send/node_modules/ms
603 silly ADD node_modules/parseurl
604 silly ADD node_modules/escape-html
605 silly ADD node_modules/encodeurl
606 silly ADD node_modules/jquery
607 silly ADD node_modules/ms
608 silly ADD node_modules/mime-db
609 silly ADD node_modules/negotiator
610 silly ADD node_modules/mime-types
611 silly ADD node_modules/vary
612 silly ADD node_modules/safe-buffer
613 silly ADD node_modules/on-headers
614 silly ADD node_modules/debug
615 silly ADD node_modules/compressible
616 silly ADD node_modules/bytes
617 silly ADD node_modules/accepts
618 silly ADD node_modules/socket.io
619 silly ADD node_modules/socket.io/node_modules/ms
620 silly ADD node_modules/socket.io/node_modules/debug
621 silly ADD node_modules/serve-static
622 silly ADD node_modules/gridstack
623 silly ADD node_modules/compression
624 silly ADD node_modules/dashboard-evi
625 timing command:install Completed in 2712ms
626 verbose exit 0
627 timing npm Completed in 2838ms
628 info ok
